2023-12-14 12:25:19 DEBUG    LRUCache object created
2023-12-14 12:25:19 WARNING  get() Missing key: 1
2023-12-14 12:25:19 INFO     set() New key 1 added to cache.
2023-12-14 12:25:19 DEBUG    New node added
2023-12-14 12:25:19 DEBUG    New node added
2023-12-14 12:25:19 DEBUG    get() Existing key (1) has value: One
2023-12-14 12:25:19 DEBUG    LRUCache object created
2023-12-14 12:25:19 DEBUG    LRUCache object deleted
2023-12-14 12:25:19 ERROR    set() Cannot set value for key 1: cache has zero size
2023-12-14 12:25:19 WARNING  get() Missing key: 1
2023-12-14 12:25:19 DEBUG    LRUCache object created
2023-12-14 12:25:19 DEBUG    LRUCache object deleted
2023-12-14 12:25:19 INFO     set() New key 1 added to cache.
2023-12-14 12:25:19 DEBUG    New node added
2023-12-14 12:25:19 INFO     set() The cache is full. The new key 2 will replace the oldest one (1).
2023-12-14 12:25:19 DEBUG    New node added
2023-12-14 12:25:19 INFO     set() The cache is full. The new key 3 will replace the oldest one (2).
2023-12-14 12:25:19 DEBUG    New node added
2023-12-14 12:25:19 INFO     set() The value of the 3 key has been updated in the cache.
2023-12-14 12:25:19 DEBUG    New node added
2023-12-14 12:25:19 DEBUG    New node added
2023-12-14 12:25:19 DEBUG    get() Existing key (3) has value: Три
2023-12-14 12:25:19 WARNING  get() Missing key: 2
2023-12-14 12:25:19 WARNING  get() Missing key: 1
2023-12-14 12:25:19 DEBUG    LRUCache object deleted
2023-12-14 12:25:20 DEBUG    Console output of logs is enabled.
2023-12-14 12:25:20 DEBUG    LRUCache object created
2023-12-14 12:25:20 WARNING  get() Missing key: 1
2023-12-14 12:25:20 INFO     set() New key 1 added to cache.
2023-12-14 12:25:20 DEBUG    New node added
2023-12-14 12:25:20 DEBUG    New node added
2023-12-14 12:25:20 DEBUG    get() Existing key (1) has value: One
2023-12-14 12:25:20 DEBUG    Console output of logs is enabled.
2023-12-14 12:25:20 DEBUG    LRUCache object created
2023-12-14 12:25:20 DEBUG    LRUCache object deleted
2023-12-14 12:25:20 ERROR    set() Cannot set value for key 1: cache has zero size
2023-12-14 12:25:20 WARNING  get() Missing key: 1
2023-12-14 12:25:20 DEBUG    Console output of logs is enabled.
2023-12-14 12:25:21 DEBUG    LRUCache object created
2023-12-14 12:25:21 DEBUG    LRUCache object deleted
2023-12-14 12:25:21 INFO     set() New key 1 added to cache.
2023-12-14 12:25:21 DEBUG    New node added
2023-12-14 12:25:21 INFO     set() The cache is full. The new key 2 will replace the oldest one (1).
2023-12-14 12:25:21 DEBUG    New node added
2023-12-14 12:25:21 INFO     set() The cache is full. The new key 3 will replace the oldest one (2).
2023-12-14 12:25:21 DEBUG    New node added
2023-12-14 12:25:21 INFO     set() The value of the 3 key has been updated in the cache.
2023-12-14 12:25:21 DEBUG    New node added
2023-12-14 12:25:21 DEBUG    New node added
2023-12-14 12:25:21 DEBUG    get() Existing key (3) has value: Три
2023-12-14 12:25:21 WARNING  get() Missing key: 2
2023-12-14 12:25:21 WARNING  get() Missing key: 1
2023-12-14 12:25:21 DEBUG    LRUCache object deleted
2023-12-14 12:25:22 DEBUG    Console output of logs is enabled.
2023-12-14 12:25:22 DEBUG    LRUCache object created
2023-12-14 12:25:22 WARNING  get() Missing key: 1
2023-12-14 12:25:22 INFO     set() New key 1 added to cache.
2023-12-14 12:25:22 DEBUG    New node added
2023-12-14 12:25:22 DEBUG    New node added
2023-12-14 12:25:22 DEBUG    get() Existing key (1) has value: One
2023-12-14 12:25:22 DEBUG    Log filtering is enabled.
2023-12-14 12:25:22 DEBUG    Console output of logs is enabled.
2023-12-14 12:25:22 DEBUG    LRUCache object created
2023-12-14 12:25:22 DEBUG    LRUCache object deleted
2023-12-14 12:25:22 ERROR    set() Cannot set value for key 1: cache has zero size
2023-12-14 12:25:22 WARNING  get() Missing key: 1
2023-12-14 12:25:22 DEBUG    Log filtering is enabled.
2023-12-14 12:25:22 DEBUG    Console output of logs is enabled.
2023-12-14 12:25:22 DEBUG    LRUCache object created
2023-12-14 12:25:22 DEBUG    LRUCache object deleted
2023-12-14 12:25:22 INFO     set() New key 1 added to cache.
2023-12-14 12:25:22 DEBUG    New node added
2023-12-14 12:25:22 INFO     set() The cache is full. The new key 2 will replace the oldest one (1).
2023-12-14 12:25:22 DEBUG    New node added
2023-12-14 12:25:22 INFO     set() The cache is full. The new key 3 will replace the oldest one (2).
2023-12-14 12:25:22 DEBUG    New node added
2023-12-14 12:25:22 DEBUG    New node added
2023-12-14 12:25:22 DEBUG    New node added
2023-12-14 12:25:22 DEBUG    get() Existing key (3) has value: Три
2023-12-14 12:25:22 WARNING  get() Missing key: 2
2023-12-14 12:25:22 WARNING  get() Missing key: 1
2023-12-14 12:25:22 DEBUG    LRUCache object deleted
2023-12-14 12:25:25 DEBUG    LRUCache object created
2023-12-14 12:25:25 WARNING  get() Missing key: 1
2023-12-14 12:25:25 INFO     set() New key 1 added to cache.
2023-12-14 12:25:25 DEBUG    New node added
2023-12-14 12:25:25 DEBUG    New node added
2023-12-14 12:25:25 DEBUG    get() Existing key (1) has value: One
2023-12-14 12:25:25 DEBUG    Log filtering is enabled.
2023-12-14 12:25:25 DEBUG    LRUCache object created
2023-12-14 12:25:25 DEBUG    LRUCache object deleted
2023-12-14 12:25:25 ERROR    set() Cannot set value for key 1: cache has zero size
2023-12-14 12:25:25 WARNING  get() Missing key: 1
2023-12-14 12:25:25 DEBUG    Log filtering is enabled.
2023-12-14 12:25:25 DEBUG    LRUCache object created
2023-12-14 12:25:25 DEBUG    LRUCache object deleted
2023-12-14 12:25:25 INFO     set() New key 1 added to cache.
2023-12-14 12:25:25 DEBUG    New node added
2023-12-14 12:25:25 INFO     set() The cache is full. The new key 2 will replace the oldest one (1).
2023-12-14 12:25:25 DEBUG    New node added
2023-12-14 12:25:25 INFO     set() The cache is full. The new key 3 will replace the oldest one (2).
2023-12-14 12:25:25 DEBUG    New node added
2023-12-14 12:25:25 DEBUG    New node added
2023-12-14 12:25:25 DEBUG    New node added
2023-12-14 12:25:25 DEBUG    get() Existing key (3) has value: Три
2023-12-14 12:25:25 WARNING  get() Missing key: 2
2023-12-14 12:25:25 WARNING  get() Missing key: 1
2023-12-14 12:25:25 DEBUG    LRUCache object deleted
